2013-12-19T20:51:00+00:00 ERR (3): Warning: simplexml_load_string(): Entity: line 1: parser error : Malformed declaration expecting version  in /usr/local/zend/apache2/htdocs/qubaj/lib/Varien/Simplexml/Config.php on line 510
2013-12-19T20:51:00+00:00 ERR (3): Warning: simplexml_load_string(): <?xml versio="1.0"?>  in /usr/local/zend/apache2/htdocs/qubaj/lib/Varien/Simplexml/Config.php on line 510
2013-12-19T20:51:00+00:00 ERR (3): Warning: simplexml_load_string():       ^  in /usr/local/zend/apache2/htdocs/qubaj/lib/Varien/Simplexml/Config.php on line 510
2013-12-19T20:51:00+00:00 ERR (3): Warning: simplexml_load_string(): Entity: line 1: parser error : Blank needed here  in /usr/local/zend/apache2/htdocs/qubaj/lib/Varien/Simplexml/Config.php on line 510
2013-12-19T20:51:00+00:00 ERR (3): Warning: simplexml_load_string(): <?xml versio="1.0"?>  in /usr/local/zend/apache2/htdocs/qubaj/lib/Varien/Simplexml/Config.php on line 510
2013-12-19T20:51:00+00:00 ERR (3): Warning: simplexml_load_string():       ^  in /usr/local/zend/apache2/htdocs/qubaj/lib/Varien/Simplexml/Config.php on line 510
2013-12-19T20:51:00+00:00 ERR (3): Warning: simplexml_load_string(): Entity: line 1: parser error : parsing XML declaration: '?>' expected  in /usr/local/zend/apache2/htdocs/qubaj/lib/Varien/Simplexml/Config.php on line 510
2013-12-19T20:51:00+00:00 ERR (3): Warning: simplexml_load_string(): <?xml versio="1.0"?>  in /usr/local/zend/apache2/htdocs/qubaj/lib/Varien/Simplexml/Config.php on line 510
2013-12-19T20:51:00+00:00 ERR (3): Warning: simplexml_load_string():       ^  in /usr/local/zend/apache2/htdocs/qubaj/lib/Varien/Simplexml/Config.php on line 510
2013-12-19T20:51:09+00:00 ERR (3): Warning: simplexml_load_string(): Entity: line 1: parser error : Malformed declaration expecting version  in /usr/local/zend/apache2/htdocs/qubaj/lib/Varien/Simplexml/Config.php on line 510
2013-12-19T20:51:09+00:00 ERR (3): Warning: simplexml_load_string(): <?xml versio="1.0"?>  in /usr/local/zend/apache2/htdocs/qubaj/lib/Varien/Simplexml/Config.php on line 510
2013-12-19T20:51:09+00:00 ERR (3): Warning: simplexml_load_string():       ^  in /usr/local/zend/apache2/htdocs/qubaj/lib/Varien/Simplexml/Config.php on line 510
2013-12-19T20:51:09+00:00 ERR (3): Warning: simplexml_load_string(): Entity: line 1: parser error : Blank needed here  in /usr/local/zend/apache2/htdocs/qubaj/lib/Varien/Simplexml/Config.php on line 510
2013-12-19T20:51:09+00:00 ERR (3): Warning: simplexml_load_string(): <?xml versio="1.0"?>  in /usr/local/zend/apache2/htdocs/qubaj/lib/Varien/Simplexml/Config.php on line 510
2013-12-19T20:51:09+00:00 ERR (3): Warning: simplexml_load_string():       ^  in /usr/local/zend/apache2/htdocs/qubaj/lib/Varien/Simplexml/Config.php on line 510
2013-12-19T20:51:09+00:00 ERR (3): Warning: simplexml_load_string(): Entity: line 1: parser error : parsing XML declaration: '?>' expected  in /usr/local/zend/apache2/htdocs/qubaj/lib/Varien/Simplexml/Config.php on line 510
2013-12-19T20:51:09+00:00 ERR (3): Warning: simplexml_load_string(): <?xml versio="1.0"?>  in /usr/local/zend/apache2/htdocs/qubaj/lib/Varien/Simplexml/Config.php on line 510
2013-12-19T20:51:09+00:00 ERR (3): Warning: simplexml_load_string():       ^  in /usr/local/zend/apache2/htdocs/qubaj/lib/Varien/Simplexml/Config.php on line 510
2013-12-19T20:51:14+00:00 ERR (3): Warning: simplexml_load_string(): Entity: line 1: parser error : Malformed declaration expecting version  in /usr/local/zend/apache2/htdocs/qubaj/lib/Varien/Simplexml/Config.php on line 510
2013-12-19T20:51:14+00:00 ERR (3): Warning: simplexml_load_string(): <?xml versio="1.0"?>  in /usr/local/zend/apache2/htdocs/qubaj/lib/Varien/Simplexml/Config.php on line 510
2013-12-19T20:51:14+00:00 ERR (3): Warning: simplexml_load_string():       ^  in /usr/local/zend/apache2/htdocs/qubaj/lib/Varien/Simplexml/Config.php on line 510
2013-12-19T20:51:14+00:00 ERR (3): Warning: simplexml_load_string(): Entity: line 1: parser error : Blank needed here  in /usr/local/zend/apache2/htdocs/qubaj/lib/Varien/Simplexml/Config.php on line 510
2013-12-19T20:51:14+00:00 ERR (3): Warning: simplexml_load_string(): <?xml versio="1.0"?>  in /usr/local/zend/apache2/htdocs/qubaj/lib/Varien/Simplexml/Config.php on line 510
2013-12-19T20:51:14+00:00 ERR (3): Warning: simplexml_load_string():       ^  in /usr/local/zend/apache2/htdocs/qubaj/lib/Varien/Simplexml/Config.php on line 510
2013-12-19T20:51:14+00:00 ERR (3): Warning: simplexml_load_string(): Entity: line 1: parser error : parsing XML declaration: '?>' expected  in /usr/local/zend/apache2/htdocs/qubaj/lib/Varien/Simplexml/Config.php on line 510
2013-12-19T20:51:14+00:00 ERR (3): Warning: simplexml_load_string(): <?xml versio="1.0"?>  in /usr/local/zend/apache2/htdocs/qubaj/lib/Varien/Simplexml/Config.php on line 510
2013-12-19T20:51:14+00:00 ERR (3): Warning: simplexml_load_string():       ^  in /usr/local/zend/apache2/htdocs/qubaj/lib/Varien/Simplexml/Config.php on line 510
2013-12-19T20:51:47+00:00 ERR (3): Warning: simplexml_load_string(): Entity: line 1: parser error : Malformed declaration expecting version  in /usr/local/zend/apache2/htdocs/qubaj/lib/Varien/Simplexml/Config.php on line 510
2013-12-19T20:51:47+00:00 ERR (3): Warning: simplexml_load_string(): <?xml versio="1.0"?>  in /usr/local/zend/apache2/htdocs/qubaj/lib/Varien/Simplexml/Config.php on line 510
2013-12-19T20:51:47+00:00 ERR (3): Warning: simplexml_load_string():       ^  in /usr/local/zend/apache2/htdocs/qubaj/lib/Varien/Simplexml/Config.php on line 510
2013-12-19T20:51:47+00:00 ERR (3): Warning: simplexml_load_string(): Entity: line 1: parser error : Blank needed here  in /usr/local/zend/apache2/htdocs/qubaj/lib/Varien/Simplexml/Config.php on line 510
2013-12-19T20:51:47+00:00 ERR (3): Warning: simplexml_load_string(): <?xml versio="1.0"?>  in /usr/local/zend/apache2/htdocs/qubaj/lib/Varien/Simplexml/Config.php on line 510
2013-12-19T20:51:47+00:00 ERR (3): Warning: simplexml_load_string():       ^  in /usr/local/zend/apache2/htdocs/qubaj/lib/Varien/Simplexml/Config.php on line 510
2013-12-19T20:51:47+00:00 ERR (3): Warning: simplexml_load_string(): Entity: line 1: parser error : parsing XML declaration: '?>' expected  in /usr/local/zend/apache2/htdocs/qubaj/lib/Varien/Simplexml/Config.php on line 510
2013-12-19T20:51:47+00:00 ERR (3): Warning: simplexml_load_string(): <?xml versio="1.0"?>  in /usr/local/zend/apache2/htdocs/qubaj/lib/Varien/Simplexml/Config.php on line 510
2013-12-19T20:51:47+00:00 ERR (3): Warning: simplexml_load_string():       ^  in /usr/local/zend/apache2/htdocs/qubaj/lib/Varien/Simplexml/Config.php on line 510
2013-12-19T20:51:56+00:00 ERR (3): Warning: simplexml_load_string(): Entity: line 1: parser error : Malformed declaration expecting version  in /usr/local/zend/apache2/htdocs/qubaj/lib/Varien/Simplexml/Config.php on line 510
2013-12-19T20:51:56+00:00 ERR (3): Warning: simplexml_load_string(): <?xml versio="1.0"?>  in /usr/local/zend/apache2/htdocs/qubaj/lib/Varien/Simplexml/Config.php on line 510
2013-12-19T20:51:56+00:00 ERR (3): Warning: simplexml_load_string():       ^  in /usr/local/zend/apache2/htdocs/qubaj/lib/Varien/Simplexml/Config.php on line 510
2013-12-19T20:51:56+00:00 ERR (3): Warning: simplexml_load_string(): Entity: line 1: parser error : Blank needed here  in /usr/local/zend/apache2/htdocs/qubaj/lib/Varien/Simplexml/Config.php on line 510
2013-12-19T20:51:56+00:00 ERR (3): Warning: simplexml_load_string(): <?xml versio="1.0"?>  in /usr/local/zend/apache2/htdocs/qubaj/lib/Varien/Simplexml/Config.php on line 510
2013-12-19T20:51:56+00:00 ERR (3): Warning: simplexml_load_string():       ^  in /usr/local/zend/apache2/htdocs/qubaj/lib/Varien/Simplexml/Config.php on line 510
2013-12-19T20:51:56+00:00 ERR (3): Warning: simplexml_load_string(): Entity: line 1: parser error : parsing XML declaration: '?>' expected  in /usr/local/zend/apache2/htdocs/qubaj/lib/Varien/Simplexml/Config.php on line 510
2013-12-19T20:51:56+00:00 ERR (3): Warning: simplexml_load_string(): <?xml versio="1.0"?>  in /usr/local/zend/apache2/htdocs/qubaj/lib/Varien/Simplexml/Config.php on line 510
2013-12-19T20:51:56+00:00 ERR (3): Warning: simplexml_load_string():       ^  in /usr/local/zend/apache2/htdocs/qubaj/lib/Varien/Simplexml/Config.php on line 510
2013-12-19T20:52:00+00:00 ERR (3): Warning: simplexml_load_string(): Entity: line 1: parser error : Malformed declaration expecting version  in /usr/local/zend/apache2/htdocs/qubaj/lib/Varien/Simplexml/Config.php on line 510
2013-12-19T20:52:00+00:00 ERR (3): Warning: simplexml_load_string(): <?xml versio="1.0"?>  in /usr/local/zend/apache2/htdocs/qubaj/lib/Varien/Simplexml/Config.php on line 510
2013-12-19T20:52:00+00:00 ERR (3): Warning: simplexml_load_string():       ^  in /usr/local/zend/apache2/htdocs/qubaj/lib/Varien/Simplexml/Config.php on line 510
2013-12-19T20:52:00+00:00 ERR (3): Warning: simplexml_load_string(): Entity: line 1: parser error : Blank needed here  in /usr/local/zend/apache2/htdocs/qubaj/lib/Varien/Simplexml/Config.php on line 510
2013-12-19T20:52:00+00:00 ERR (3): Warning: simplexml_load_string(): <?xml versio="1.0"?>  in /usr/local/zend/apache2/htdocs/qubaj/lib/Varien/Simplexml/Config.php on line 510
2013-12-19T20:52:00+00:00 ERR (3): Warning: simplexml_load_string():       ^  in /usr/local/zend/apache2/htdocs/qubaj/lib/Varien/Simplexml/Config.php on line 510
2013-12-19T20:52:00+00:00 ERR (3): Warning: simplexml_load_string(): Entity: line 1: parser error : parsing XML declaration: '?>' expected  in /usr/local/zend/apache2/htdocs/qubaj/lib/Varien/Simplexml/Config.php on line 510
2013-12-19T20:52:00+00:00 ERR (3): Warning: simplexml_load_string(): <?xml versio="1.0"?>  in /usr/local/zend/apache2/htdocs/qubaj/lib/Varien/Simplexml/Config.php on line 510
2013-12-19T20:52:00+00:00 ERR (3): Warning: simplexml_load_string():       ^  in /usr/local/zend/apache2/htdocs/qubaj/lib/Varien/Simplexml/Config.php on line 510
2013-12-19T20:52:04+00:00 ERR (3): Warning: simplexml_load_string(): Entity: line 1: parser error : Malformed declaration expecting version  in /usr/local/zend/apache2/htdocs/qubaj/lib/Varien/Simplexml/Config.php on line 510
2013-12-19T20:52:04+00:00 ERR (3): Warning: simplexml_load_string(): <?xml versio="1.0"?>  in /usr/local/zend/apache2/htdocs/qubaj/lib/Varien/Simplexml/Config.php on line 510
2013-12-19T20:52:04+00:00 ERR (3): Warning: simplexml_load_string():       ^  in /usr/local/zend/apache2/htdocs/qubaj/lib/Varien/Simplexml/Config.php on line 510
2013-12-19T20:52:04+00:00 ERR (3): Warning: simplexml_load_string(): Entity: line 1: parser error : Blank needed here  in /usr/local/zend/apache2/htdocs/qubaj/lib/Varien/Simplexml/Config.php on line 510
2013-12-19T20:52:04+00:00 ERR (3): Warning: simplexml_load_string(): <?xml versio="1.0"?>  in /usr/local/zend/apache2/htdocs/qubaj/lib/Varien/Simplexml/Config.php on line 510
2013-12-19T20:52:04+00:00 ERR (3): Warning: simplexml_load_string():       ^  in /usr/local/zend/apache2/htdocs/qubaj/lib/Varien/Simplexml/Config.php on line 510
2013-12-19T20:52:04+00:00 ERR (3): Warning: simplexml_load_string(): Entity: line 1: parser error : parsing XML declaration: '?>' expected  in /usr/local/zend/apache2/htdocs/qubaj/lib/Varien/Simplexml/Config.php on line 510
2013-12-19T20:52:04+00:00 ERR (3): Warning: simplexml_load_string(): <?xml versio="1.0"?>  in /usr/local/zend/apache2/htdocs/qubaj/lib/Varien/Simplexml/Config.php on line 510
2013-12-19T20:52:04+00:00 ERR (3): Warning: simplexml_load_string():       ^  in /usr/local/zend/apache2/htdocs/qubaj/lib/Varien/Simplexml/Config.php on line 510
2013-12-19T20:52:05+00:00 ERR (3): Warning: simplexml_load_string(): Entity: line 1: parser error : Malformed declaration expecting version  in /usr/local/zend/apache2/htdocs/qubaj/lib/Varien/Simplexml/Config.php on line 510
2013-12-19T20:52:05+00:00 ERR (3): Warning: simplexml_load_string(): <?xml versio="1.0"?>  in /usr/local/zend/apache2/htdocs/qubaj/lib/Varien/Simplexml/Config.php on line 510
2013-12-19T20:52:05+00:00 ERR (3): Warning: simplexml_load_string():       ^  in /usr/local/zend/apache2/htdocs/qubaj/lib/Varien/Simplexml/Config.php on line 510
2013-12-19T20:52:05+00:00 ERR (3): Warning: simplexml_load_string(): Entity: line 1: parser error : Blank needed here  in /usr/local/zend/apache2/htdocs/qubaj/lib/Varien/Simplexml/Config.php on line 510
2013-12-19T20:52:05+00:00 ERR (3): Warning: simplexml_load_string(): <?xml versio="1.0"?>  in /usr/local/zend/apache2/htdocs/qubaj/lib/Varien/Simplexml/Config.php on line 510
2013-12-19T20:52:05+00:00 ERR (3): Warning: simplexml_load_string():       ^  in /usr/local/zend/apache2/htdocs/qubaj/lib/Varien/Simplexml/Config.php on line 510
2013-12-19T20:52:05+00:00 ERR (3): Warning: simplexml_load_string(): Entity: line 1: parser error : parsing XML declaration: '?>' expected  in /usr/local/zend/apache2/htdocs/qubaj/lib/Varien/Simplexml/Config.php on line 510
2013-12-19T20:52:05+00:00 ERR (3): Warning: simplexml_load_string(): <?xml versio="1.0"?>  in /usr/local/zend/apache2/htdocs/qubaj/lib/Varien/Simplexml/Config.php on line 510
2013-12-19T20:52:05+00:00 ERR (3): Warning: simplexml_load_string():       ^  in /usr/local/zend/apache2/htdocs/qubaj/lib/Varien/Simplexml/Config.php on line 510
2013-12-19T20:52:09+00:00 ERR (3): Warning: simplexml_load_string(): Entity: line 1: parser error : Malformed declaration expecting version  in /usr/local/zend/apache2/htdocs/qubaj/lib/Varien/Simplexml/Config.php on line 510
2013-12-19T20:52:09+00:00 ERR (3): Warning: simplexml_load_string(): <?xml versio="1.0"?>  in /usr/local/zend/apache2/htdocs/qubaj/lib/Varien/Simplexml/Config.php on line 510
2013-12-19T20:52:09+00:00 ERR (3): Warning: simplexml_load_string():       ^  in /usr/local/zend/apache2/htdocs/qubaj/lib/Varien/Simplexml/Config.php on line 510
2013-12-19T20:52:09+00:00 ERR (3): Warning: simplexml_load_string(): Entity: line 1: parser error : Blank needed here  in /usr/local/zend/apache2/htdocs/qubaj/lib/Varien/Simplexml/Config.php on line 510
2013-12-19T20:52:09+00:00 ERR (3): Warning: simplexml_load_string(): <?xml versio="1.0"?>  in /usr/local/zend/apache2/htdocs/qubaj/lib/Varien/Simplexml/Config.php on line 510
2013-12-19T20:52:09+00:00 ERR (3): Warning: simplexml_load_string():       ^  in /usr/local/zend/apache2/htdocs/qubaj/lib/Varien/Simplexml/Config.php on line 510
2013-12-19T20:52:09+00:00 ERR (3): Warning: simplexml_load_string(): Entity: line 1: parser error : parsing XML declaration: '?>' expected  in /usr/local/zend/apache2/htdocs/qubaj/lib/Varien/Simplexml/Config.php on line 510
2013-12-19T20:52:09+00:00 ERR (3): Warning: simplexml_load_string(): <?xml versio="1.0"?>  in /usr/local/zend/apache2/htdocs/qubaj/lib/Varien/Simplexml/Config.php on line 510
2013-12-19T20:52:09+00:00 ERR (3): Warning: simplexml_load_string():       ^  in /usr/local/zend/apache2/htdocs/qubaj/lib/Varien/Simplexml/Config.php on line 510
2013-12-19T20:52:11+00:00 ERR (3): Warning: simplexml_load_string(): Entity: line 1: parser error : Malformed declaration expecting version  in /usr/local/zend/apache2/htdocs/qubaj/lib/Varien/Simplexml/Config.php on line 510
2013-12-19T20:52:11+00:00 ERR (3): Warning: simplexml_load_string(): <?xml versio="1.0"?>  in /usr/local/zend/apache2/htdocs/qubaj/lib/Varien/Simplexml/Config.php on line 510
2013-12-19T20:52:11+00:00 ERR (3): Warning: simplexml_load_string():       ^  in /usr/local/zend/apache2/htdocs/qubaj/lib/Varien/Simplexml/Config.php on line 510
2013-12-19T20:52:11+00:00 ERR (3): Warning: simplexml_load_string(): Entity: line 1: parser error : Blank needed here  in /usr/local/zend/apache2/htdocs/qubaj/lib/Varien/Simplexml/Config.php on line 510
2013-12-19T20:52:11+00:00 ERR (3): Warning: simplexml_load_string(): <?xml versio="1.0"?>  in /usr/local/zend/apache2/htdocs/qubaj/lib/Varien/Simplexml/Config.php on line 510
2013-12-19T20:52:11+00:00 ERR (3): Warning: simplexml_load_string():       ^  in /usr/local/zend/apache2/htdocs/qubaj/lib/Varien/Simplexml/Config.php on line 510
2013-12-19T20:52:11+00:00 ERR (3): Warning: simplexml_load_string(): Entity: line 1: parser error : parsing XML declaration: '?>' expected  in /usr/local/zend/apache2/htdocs/qubaj/lib/Varien/Simplexml/Config.php on line 510
2013-12-19T20:52:11+00:00 ERR (3): Warning: simplexml_load_string(): <?xml versio="1.0"?>  in /usr/local/zend/apache2/htdocs/qubaj/lib/Varien/Simplexml/Config.php on line 510
2013-12-19T20:52:11+00:00 ERR (3): Warning: simplexml_load_string():       ^  in /usr/local/zend/apache2/htdocs/qubaj/lib/Varien/Simplexml/Config.php on line 510
2013-12-19T20:52:30+00:00 ERR (3): Warning: simplexml_load_string(): Entity: line 1: parser error : Malformed declaration expecting version  in /usr/local/zend/apache2/htdocs/qubaj/lib/Varien/Simplexml/Config.php on line 510
2013-12-19T20:52:30+00:00 ERR (3): Warning: simplexml_load_string(): <?xml versio="1.0"?>  in /usr/local/zend/apache2/htdocs/qubaj/lib/Varien/Simplexml/Config.php on line 510
2013-12-19T20:52:30+00:00 ERR (3): Warning: simplexml_load_string():       ^  in /usr/local/zend/apache2/htdocs/qubaj/lib/Varien/Simplexml/Config.php on line 510
2013-12-19T20:52:30+00:00 ERR (3): Warning: simplexml_load_string(): Entity: line 1: parser error : Blank needed here  in /usr/local/zend/apache2/htdocs/qubaj/lib/Varien/Simplexml/Config.php on line 510
2013-12-19T20:52:30+00:00 ERR (3): Warning: simplexml_load_string(): <?xml versio="1.0"?>  in /usr/local/zend/apache2/htdocs/qubaj/lib/Varien/Simplexml/Config.php on line 510
2013-12-19T20:52:30+00:00 ERR (3): Warning: simplexml_load_string():       ^  in /usr/local/zend/apache2/htdocs/qubaj/lib/Varien/Simplexml/Config.php on line 510
2013-12-19T20:52:30+00:00 ERR (3): Warning: simplexml_load_string(): Entity: line 1: parser error : parsing XML declaration: '?>' expected  in /usr/local/zend/apache2/htdocs/qubaj/lib/Varien/Simplexml/Config.php on line 510
2013-12-19T20:52:30+00:00 ERR (3): Warning: simplexml_load_string(): <?xml versio="1.0"?>  in /usr/local/zend/apache2/htdocs/qubaj/lib/Varien/Simplexml/Config.php on line 510
2013-12-19T20:52:30+00:00 ERR (3): Warning: simplexml_load_string():       ^  in /usr/local/zend/apache2/htdocs/qubaj/lib/Varien/Simplexml/Config.php on line 510
2013-12-19T20:52:34+00:00 ERR (3): Warning: simplexml_load_string(): Entity: line 1: parser error : Malformed declaration expecting version  in /usr/local/zend/apache2/htdocs/qubaj/lib/Varien/Simplexml/Config.php on line 510
2013-12-19T20:52:34+00:00 ERR (3): Warning: simplexml_load_string(): <?xml versio="1.0"?>  in /usr/local/zend/apache2/htdocs/qubaj/lib/Varien/Simplexml/Config.php on line 510
2013-12-19T20:52:34+00:00 ERR (3): Warning: simplexml_load_string():       ^  in /usr/local/zend/apache2/htdocs/qubaj/lib/Varien/Simplexml/Config.php on line 510
2013-12-19T20:52:34+00:00 ERR (3): Warning: simplexml_load_string(): Entity: line 1: parser error : Blank needed here  in /usr/local/zend/apache2/htdocs/qubaj/lib/Varien/Simplexml/Config.php on line 510
2013-12-19T20:52:34+00:00 ERR (3): Warning: simplexml_load_string(): <?xml versio="1.0"?>  in /usr/local/zend/apache2/htdocs/qubaj/lib/Varien/Simplexml/Config.php on line 510
2013-12-19T20:52:34+00:00 ERR (3): Warning: simplexml_load_string():       ^  in /usr/local/zend/apache2/htdocs/qubaj/lib/Varien/Simplexml/Config.php on line 510
2013-12-19T20:52:34+00:00 ERR (3): Warning: simplexml_load_string(): Entity: line 1: parser error : parsing XML declaration: '?>' expected  in /usr/local/zend/apache2/htdocs/qubaj/lib/Varien/Simplexml/Config.php on line 510
2013-12-19T20:52:34+00:00 ERR (3): Warning: simplexml_load_string(): <?xml versio="1.0"?>  in /usr/local/zend/apache2/htdocs/qubaj/lib/Varien/Simplexml/Config.php on line 510
2013-12-19T20:52:34+00:00 ERR (3): Warning: simplexml_load_string():       ^  in /usr/local/zend/apache2/htdocs/qubaj/lib/Varien/Simplexml/Config.php on line 510
2013-12-19T20:52:38+00:00 ERR (3): Warning: simplexml_load_string(): Entity: line 1: parser error : Malformed declaration expecting version  in /usr/local/zend/apache2/htdocs/qubaj/lib/Varien/Simplexml/Config.php on line 510
2013-12-19T20:52:38+00:00 ERR (3): Warning: simplexml_load_string(): <?xml versio="1.0"?>  in /usr/local/zend/apache2/htdocs/qubaj/lib/Varien/Simplexml/Config.php on line 510
2013-12-19T20:52:38+00:00 ERR (3): Warning: simplexml_load_string():       ^  in /usr/local/zend/apache2/htdocs/qubaj/lib/Varien/Simplexml/Config.php on line 510
2013-12-19T20:52:38+00:00 ERR (3): Warning: simplexml_load_string(): Entity: line 1: parser error : Blank needed here  in /usr/local/zend/apache2/htdocs/qubaj/lib/Varien/Simplexml/Config.php on line 510
2013-12-19T20:52:38+00:00 ERR (3): Warning: simplexml_load_string(): <?xml versio="1.0"?>  in /usr/local/zend/apache2/htdocs/qubaj/lib/Varien/Simplexml/Config.php on line 510
2013-12-19T20:52:38+00:00 ERR (3): Warning: simplexml_load_string():       ^  in /usr/local/zend/apache2/htdocs/qubaj/lib/Varien/Simplexml/Config.php on line 510
2013-12-19T20:52:38+00:00 ERR (3): Warning: simplexml_load_string(): Entity: line 1: parser error : parsing XML declaration: '?>' expected  in /usr/local/zend/apache2/htdocs/qubaj/lib/Varien/Simplexml/Config.php on line 510
2013-12-19T20:52:38+00:00 ERR (3): Warning: simplexml_load_string(): <?xml versio="1.0"?>  in /usr/local/zend/apache2/htdocs/qubaj/lib/Varien/Simplexml/Config.php on line 510
2013-12-19T20:52:38+00:00 ERR (3): Warning: simplexml_load_string():       ^  in /usr/local/zend/apache2/htdocs/qubaj/lib/Varien/Simplexml/Config.php on line 510
2013-12-19T20:54:07+00:00 ERR (3): Warning: simplexml_load_string(): Entity: line 1: parser error : Malformed declaration expecting version  in /usr/local/zend/apache2/htdocs/qubaj/lib/Varien/Simplexml/Config.php on line 510
2013-12-19T20:54:07+00:00 ERR (3): Warning: simplexml_load_string(): <?xml versio="1.0"?>  in /usr/local/zend/apache2/htdocs/qubaj/lib/Varien/Simplexml/Config.php on line 510
2013-12-19T20:54:07+00:00 ERR (3): Warning: simplexml_load_string():       ^  in /usr/local/zend/apache2/htdocs/qubaj/lib/Varien/Simplexml/Config.php on line 510
2013-12-19T20:54:07+00:00 ERR (3): Warning: simplexml_load_string(): Entity: line 1: parser error : Blank needed here  in /usr/local/zend/apache2/htdocs/qubaj/lib/Varien/Simplexml/Config.php on line 510
2013-12-19T20:54:07+00:00 ERR (3): Warning: simplexml_load_string(): <?xml versio="1.0"?>  in /usr/local/zend/apache2/htdocs/qubaj/lib/Varien/Simplexml/Config.php on line 510
2013-12-19T20:54:07+00:00 ERR (3): Warning: simplexml_load_string():       ^  in /usr/local/zend/apache2/htdocs/qubaj/lib/Varien/Simplexml/Config.php on line 510
2013-12-19T20:54:07+00:00 ERR (3): Warning: simplexml_load_string(): Entity: line 1: parser error : parsing XML declaration: '?>' expected  in /usr/local/zend/apache2/htdocs/qubaj/lib/Varien/Simplexml/Config.php on line 510
2013-12-19T20:54:07+00:00 ERR (3): Warning: simplexml_load_string(): <?xml versio="1.0"?>  in /usr/local/zend/apache2/htdocs/qubaj/lib/Varien/Simplexml/Config.php on line 510
2013-12-19T20:54:07+00:00 ERR (3): Warning: simplexml_load_string():       ^  in /usr/local/zend/apache2/htdocs/qubaj/lib/Varien/Simplexml/Config.php on line 510
2013-12-19T20:54:13+00:00 ERR (3): Warning: simplexml_load_string(): Entity: line 1: parser error : Malformed declaration expecting version  in /usr/local/zend/apache2/htdocs/qubaj/lib/Varien/Simplexml/Config.php on line 510
2013-12-19T20:54:13+00:00 ERR (3): Warning: simplexml_load_string(): <?xml versio="1.0"?>  in /usr/local/zend/apache2/htdocs/qubaj/lib/Varien/Simplexml/Config.php on line 510
2013-12-19T20:54:13+00:00 ERR (3): Warning: simplexml_load_string():       ^  in /usr/local/zend/apache2/htdocs/qubaj/lib/Varien/Simplexml/Config.php on line 510
2013-12-19T20:54:13+00:00 ERR (3): Warning: simplexml_load_string(): Entity: line 1: parser error : Blank needed here  in /usr/local/zend/apache2/htdocs/qubaj/lib/Varien/Simplexml/Config.php on line 510
2013-12-19T20:54:13+00:00 ERR (3): Warning: simplexml_load_string(): <?xml versio="1.0"?>  in /usr/local/zend/apache2/htdocs/qubaj/lib/Varien/Simplexml/Config.php on line 510
2013-12-19T20:54:13+00:00 ERR (3): Warning: simplexml_load_string():       ^  in /usr/local/zend/apache2/htdocs/qubaj/lib/Varien/Simplexml/Config.php on line 510
2013-12-19T20:54:13+00:00 ERR (3): Warning: simplexml_load_string(): Entity: line 1: parser error : parsing XML declaration: '?>' expected  in /usr/local/zend/apache2/htdocs/qubaj/lib/Varien/Simplexml/Config.php on line 510
2013-12-19T20:54:13+00:00 ERR (3): Warning: simplexml_load_string(): <?xml versio="1.0"?>  in /usr/local/zend/apache2/htdocs/qubaj/lib/Varien/Simplexml/Config.php on line 510
2013-12-19T20:54:13+00:00 ERR (3): Warning: simplexml_load_string():       ^  in /usr/local/zend/apache2/htdocs/qubaj/lib/Varien/Simplexml/Config.php on line 510
2013-12-19T20:54:39+00:00 ERR (3): Warning: simplexml_load_string(): Entity: line 1: parser error : Malformed declaration expecting version  in /usr/local/zend/apache2/htdocs/qubaj/lib/Varien/Simplexml/Config.php on line 510
2013-12-19T20:54:39+00:00 ERR (3): Warning: simplexml_load_string(): <?xml versio="1.0"?>  in /usr/local/zend/apache2/htdocs/qubaj/lib/Varien/Simplexml/Config.php on line 510
2013-12-19T20:54:39+00:00 ERR (3): Warning: simplexml_load_string():       ^  in /usr/local/zend/apache2/htdocs/qubaj/lib/Varien/Simplexml/Config.php on line 510
2013-12-19T20:54:39+00:00 ERR (3): Warning: simplexml_load_string(): Entity: line 1: parser error : Blank needed here  in /usr/local/zend/apache2/htdocs/qubaj/lib/Varien/Simplexml/Config.php on line 510
2013-12-19T20:54:39+00:00 ERR (3): Warning: simplexml_load_string(): <?xml versio="1.0"?>  in /usr/local/zend/apache2/htdocs/qubaj/lib/Varien/Simplexml/Config.php on line 510
2013-12-19T20:54:39+00:00 ERR (3): Warning: simplexml_load_string():       ^  in /usr/local/zend/apache2/htdocs/qubaj/lib/Varien/Simplexml/Config.php on line 510
2013-12-19T20:54:39+00:00 ERR (3): Warning: simplexml_load_string(): Entity: line 1: parser error : parsing XML declaration: '?>' expected  in /usr/local/zend/apache2/htdocs/qubaj/lib/Varien/Simplexml/Config.php on line 510
2013-12-19T20:54:39+00:00 ERR (3): Warning: simplexml_load_string(): <?xml versio="1.0"?>  in /usr/local/zend/apache2/htdocs/qubaj/lib/Varien/Simplexml/Config.php on line 510
2013-12-19T20:54:39+00:00 ERR (3): Warning: simplexml_load_string():       ^  in /usr/local/zend/apache2/htdocs/qubaj/lib/Varien/Simplexml/Config.php on line 510
2013-12-19T20:54:45+00:00 ERR (3): Warning: simplexml_load_string(): Entity: line 1: parser error : Malformed declaration expecting version  in /usr/local/zend/apache2/htdocs/qubaj/lib/Varien/Simplexml/Config.php on line 510
2013-12-19T20:54:45+00:00 ERR (3): Warning: simplexml_load_string(): <?xml versio="1.0"?>  in /usr/local/zend/apache2/htdocs/qubaj/lib/Varien/Simplexml/Config.php on line 510
2013-12-19T20:54:45+00:00 ERR (3): Warning: simplexml_load_string():       ^  in /usr/local/zend/apache2/htdocs/qubaj/lib/Varien/Simplexml/Config.php on line 510
2013-12-19T20:54:45+00:00 ERR (3): Warning: simplexml_load_string(): Entity: line 1: parser error : Blank needed here  in /usr/local/zend/apache2/htdocs/qubaj/lib/Varien/Simplexml/Config.php on line 510
2013-12-19T20:54:45+00:00 ERR (3): Warning: simplexml_load_string(): <?xml versio="1.0"?>  in /usr/local/zend/apache2/htdocs/qubaj/lib/Varien/Simplexml/Config.php on line 510
2013-12-19T20:54:45+00:00 ERR (3): Warning: simplexml_load_string():       ^  in /usr/local/zend/apache2/htdocs/qubaj/lib/Varien/Simplexml/Config.php on line 510
2013-12-19T20:54:45+00:00 ERR (3): Warning: simplexml_load_string(): Entity: line 1: parser error : parsing XML declaration: '?>' expected  in /usr/local/zend/apache2/htdocs/qubaj/lib/Varien/Simplexml/Config.php on line 510
2013-12-19T20:54:45+00:00 ERR (3): Warning: simplexml_load_string(): <?xml versio="1.0"?>  in /usr/local/zend/apache2/htdocs/qubaj/lib/Varien/Simplexml/Config.php on line 510
2013-12-19T20:54:45+00:00 ERR (3): Warning: simplexml_load_string():       ^  in /usr/local/zend/apache2/htdocs/qubaj/lib/Varien/Simplexml/Config.php on line 510
2013-12-19T20:56:39+00:00 ERR (3): Warning: simplexml_load_string(): Entity: line 1: parser error : Malformed declaration expecting version  in /usr/local/zend/apache2/htdocs/qubaj/lib/Varien/Simplexml/Config.php on line 510
2013-12-19T20:56:39+00:00 ERR (3): Warning: simplexml_load_string(): <?xml versio="1.0"?>  in /usr/local/zend/apache2/htdocs/qubaj/lib/Varien/Simplexml/Config.php on line 510
2013-12-19T20:56:39+00:00 ERR (3): Warning: simplexml_load_string():       ^  in /usr/local/zend/apache2/htdocs/qubaj/lib/Varien/Simplexml/Config.php on line 510
2013-12-19T20:56:39+00:00 ERR (3): Warning: simplexml_load_string(): Entity: line 1: parser error : Blank needed here  in /usr/local/zend/apache2/htdocs/qubaj/lib/Varien/Simplexml/Config.php on line 510
2013-12-19T20:56:39+00:00 ERR (3): Warning: simplexml_load_string(): <?xml versio="1.0"?>  in /usr/local/zend/apache2/htdocs/qubaj/lib/Varien/Simplexml/Config.php on line 510
2013-12-19T20:56:39+00:00 ERR (3): Warning: simplexml_load_string():       ^  in /usr/local/zend/apache2/htdocs/qubaj/lib/Varien/Simplexml/Config.php on line 510
2013-12-19T20:56:39+00:00 ERR (3): Warning: simplexml_load_string(): Entity: line 1: parser error : parsing XML declaration: '?>' expected  in /usr/local/zend/apache2/htdocs/qubaj/lib/Varien/Simplexml/Config.php on line 510
2013-12-19T20:56:39+00:00 ERR (3): Warning: simplexml_load_string(): <?xml versio="1.0"?>  in /usr/local/zend/apache2/htdocs/qubaj/lib/Varien/Simplexml/Config.php on line 510
2013-12-19T20:56:39+00:00 ERR (3): Warning: simplexml_load_string():       ^  in /usr/local/zend/apache2/htdocs/qubaj/lib/Varien/Simplexml/Config.php on line 510
2013-12-19T20:56:42+00:00 ERR (3): Warning: simplexml_load_string(): Entity: line 1: parser error : Malformed declaration expecting version  in /usr/local/zend/apache2/htdocs/qubaj/lib/Varien/Simplexml/Config.php on line 510
2013-12-19T20:56:42+00:00 ERR (3): Warning: simplexml_load_string(): <?xml versio="1.0"?>  in /usr/local/zend/apache2/htdocs/qubaj/lib/Varien/Simplexml/Config.php on line 510
2013-12-19T20:56:42+00:00 ERR (3): Warning: simplexml_load_string():       ^  in /usr/local/zend/apache2/htdocs/qubaj/lib/Varien/Simplexml/Config.php on line 510
2013-12-19T20:56:42+00:00 ERR (3): Warning: simplexml_load_string(): Entity: line 1: parser error : Blank needed here  in /usr/local/zend/apache2/htdocs/qubaj/lib/Varien/Simplexml/Config.php on line 510
2013-12-19T20:56:42+00:00 ERR (3): Warning: simplexml_load_string(): <?xml versio="1.0"?>  in /usr/local/zend/apache2/htdocs/qubaj/lib/Varien/Simplexml/Config.php on line 510
2013-12-19T20:56:42+00:00 ERR (3): Warning: simplexml_load_string():       ^  in /usr/local/zend/apache2/htdocs/qubaj/lib/Varien/Simplexml/Config.php on line 510
2013-12-19T20:56:42+00:00 ERR (3): Warning: simplexml_load_string(): Entity: line 1: parser error : parsing XML declaration: '?>' expected  in /usr/local/zend/apache2/htdocs/qubaj/lib/Varien/Simplexml/Config.php on line 510
2013-12-19T20:56:42+00:00 ERR (3): Warning: simplexml_load_string(): <?xml versio="1.0"?>  in /usr/local/zend/apache2/htdocs/qubaj/lib/Varien/Simplexml/Config.php on line 510
2013-12-19T20:56:42+00:00 ERR (3): Warning: simplexml_load_string():       ^  in /usr/local/zend/apache2/htdocs/qubaj/lib/Varien/Simplexml/Config.php on line 510
2013-12-19T20:56:46+00:00 ERR (3): Warning: simplexml_load_string(): Entity: line 1: parser error : Malformed declaration expecting version  in /usr/local/zend/apache2/htdocs/qubaj/lib/Varien/Simplexml/Config.php on line 510
2013-12-19T20:56:46+00:00 ERR (3): Warning: simplexml_load_string(): <?xml versio="1.0"?>  in /usr/local/zend/apache2/htdocs/qubaj/lib/Varien/Simplexml/Config.php on line 510
2013-12-19T20:56:46+00:00 ERR (3): Warning: simplexml_load_string():       ^  in /usr/local/zend/apache2/htdocs/qubaj/lib/Varien/Simplexml/Config.php on line 510
2013-12-19T20:56:46+00:00 ERR (3): Warning: simplexml_load_string(): Entity: line 1: parser error : Blank needed here  in /usr/local/zend/apache2/htdocs/qubaj/lib/Varien/Simplexml/Config.php on line 510
2013-12-19T20:56:46+00:00 ERR (3): Warning: simplexml_load_string(): <?xml versio="1.0"?>  in /usr/local/zend/apache2/htdocs/qubaj/lib/Varien/Simplexml/Config.php on line 510
2013-12-19T20:56:46+00:00 ERR (3): Warning: simplexml_load_string():       ^  in /usr/local/zend/apache2/htdocs/qubaj/lib/Varien/Simplexml/Config.php on line 510
2013-12-19T20:56:46+00:00 ERR (3): Warning: simplexml_load_string(): Entity: line 1: parser error : parsing XML declaration: '?>' expected  in /usr/local/zend/apache2/htdocs/qubaj/lib/Varien/Simplexml/Config.php on line 510
2013-12-19T20:56:46+00:00 ERR (3): Warning: simplexml_load_string(): <?xml versio="1.0"?>  in /usr/local/zend/apache2/htdocs/qubaj/lib/Varien/Simplexml/Config.php on line 510
2013-12-19T20:56:46+00:00 ERR (3): Warning: simplexml_load_string():       ^  in /usr/local/zend/apache2/htdocs/qubaj/lib/Varien/Simplexml/Config.php on line 510
2013-12-19T21:01:02+00:00 ERR (3): Warning: simplexml_load_string(): Entity: line 1: parser error : Malformed declaration expecting version  in /usr/local/zend/apache2/htdocs/qubaj/lib/Varien/Simplexml/Config.php on line 510
2013-12-19T21:01:02+00:00 ERR (3): Warning: simplexml_load_string(): <?xml versio="1.0"?>  in /usr/local/zend/apache2/htdocs/qubaj/lib/Varien/Simplexml/Config.php on line 510
2013-12-19T21:01:02+00:00 ERR (3): Warning: simplexml_load_string():       ^  in /usr/local/zend/apache2/htdocs/qubaj/lib/Varien/Simplexml/Config.php on line 510
2013-12-19T21:01:02+00:00 ERR (3): Warning: simplexml_load_string(): Entity: line 1: parser error : Blank needed here  in /usr/local/zend/apache2/htdocs/qubaj/lib/Varien/Simplexml/Config.php on line 510
2013-12-19T21:01:02+00:00 ERR (3): Warning: simplexml_load_string(): <?xml versio="1.0"?>  in /usr/local/zend/apache2/htdocs/qubaj/lib/Varien/Simplexml/Config.php on line 510
2013-12-19T21:01:02+00:00 ERR (3): Warning: simplexml_load_string():       ^  in /usr/local/zend/apache2/htdocs/qubaj/lib/Varien/Simplexml/Config.php on line 510
2013-12-19T21:01:02+00:00 ERR (3): Warning: simplexml_load_string(): Entity: line 1: parser error : parsing XML declaration: '?>' expected  in /usr/local/zend/apache2/htdocs/qubaj/lib/Varien/Simplexml/Config.php on line 510
2013-12-19T21:01:02+00:00 ERR (3): Warning: simplexml_load_string(): <?xml versio="1.0"?>  in /usr/local/zend/apache2/htdocs/qubaj/lib/Varien/Simplexml/Config.php on line 510
2013-12-19T21:01:02+00:00 ERR (3): Warning: simplexml_load_string():       ^  in /usr/local/zend/apache2/htdocs/qubaj/lib/Varien/Simplexml/Config.php on line 510
2013-12-19T21:05:21+00:00 ERR (3): Warning: simplexml_load_string(): Entity: line 1: parser error : Malformed declaration expecting version  in /usr/local/zend/apache2/htdocs/qubaj/lib/Varien/Simplexml/Config.php on line 510
2013-12-19T21:05:21+00:00 ERR (3): Warning: simplexml_load_string(): <?xml versio="1.0"?>  in /usr/local/zend/apache2/htdocs/qubaj/lib/Varien/Simplexml/Config.php on line 510
2013-12-19T21:05:21+00:00 ERR (3): Warning: simplexml_load_string():       ^  in /usr/local/zend/apache2/htdocs/qubaj/lib/Varien/Simplexml/Config.php on line 510
2013-12-19T21:05:21+00:00 ERR (3): Warning: simplexml_load_string(): Entity: line 1: parser error : Blank needed here  in /usr/local/zend/apache2/htdocs/qubaj/lib/Varien/Simplexml/Config.php on line 510
2013-12-19T21:05:21+00:00 ERR (3): Warning: simplexml_load_string(): <?xml versio="1.0"?>  in /usr/local/zend/apache2/htdocs/qubaj/lib/Varien/Simplexml/Config.php on line 510
2013-12-19T21:05:21+00:00 ERR (3): Warning: simplexml_load_string():       ^  in /usr/local/zend/apache2/htdocs/qubaj/lib/Varien/Simplexml/Config.php on line 510
2013-12-19T21:05:21+00:00 ERR (3): Warning: simplexml_load_string(): Entity: line 1: parser error : parsing XML declaration: '?>' expected  in /usr/local/zend/apache2/htdocs/qubaj/lib/Varien/Simplexml/Config.php on line 510
2013-12-19T21:05:21+00:00 ERR (3): Warning: simplexml_load_string(): <?xml versio="1.0"?>  in /usr/local/zend/apache2/htdocs/qubaj/lib/Varien/Simplexml/Config.php on line 510
2013-12-19T21:05:21+00:00 ERR (3): Warning: simplexml_load_string():       ^  in /usr/local/zend/apache2/htdocs/qubaj/lib/Varien/Simplexml/Config.php on line 510
2013-12-19T21:05:22+00:00 ERR (3): Warning: simplexml_load_string(): Entity: line 1: parser error : Malformed declaration expecting version  in /usr/local/zend/apache2/htdocs/qubaj/lib/Varien/Simplexml/Config.php on line 510
2013-12-19T21:05:22+00:00 ERR (3): Warning: simplexml_load_string(): <?xml versio="1.0"?>  in /usr/local/zend/apache2/htdocs/qubaj/lib/Varien/Simplexml/Config.php on line 510
2013-12-19T21:05:22+00:00 ERR (3): Warning: simplexml_load_string():       ^  in /usr/local/zend/apache2/htdocs/qubaj/lib/Varien/Simplexml/Config.php on line 510
2013-12-19T21:05:22+00:00 ERR (3): Warning: simplexml_load_string(): Entity: line 1: parser error : Blank needed here  in /usr/local/zend/apache2/htdocs/qubaj/lib/Varien/Simplexml/Config.php on line 510
2013-12-19T21:05:22+00:00 ERR (3): Warning: simplexml_load_string(): <?xml versio="1.0"?>  in /usr/local/zend/apache2/htdocs/qubaj/lib/Varien/Simplexml/Config.php on line 510
2013-12-19T21:05:22+00:00 ERR (3): Warning: simplexml_load_string():       ^  in /usr/local/zend/apache2/htdocs/qubaj/lib/Varien/Simplexml/Config.php on line 510
2013-12-19T21:05:22+00:00 ERR (3): Warning: simplexml_load_string(): Entity: line 1: parser error : parsing XML declaration: '?>' expected  in /usr/local/zend/apache2/htdocs/qubaj/lib/Varien/Simplexml/Config.php on line 510
2013-12-19T21:05:22+00:00 ERR (3): Warning: simplexml_load_string(): <?xml versio="1.0"?>  in /usr/local/zend/apache2/htdocs/qubaj/lib/Varien/Simplexml/Config.php on line 510
2013-12-19T21:05:22+00:00 ERR (3): Warning: simplexml_load_string():       ^  in /usr/local/zend/apache2/htdocs/qubaj/lib/Varien/Simplexml/Config.php on line 510
2013-12-19T21:06:30+00:00 ERR (3): Warning: simplexml_load_string(): Entity: line 1: parser error : Malformed declaration expecting version  in /usr/local/zend/apache2/htdocs/qubaj/lib/Varien/Simplexml/Config.php on line 510
2013-12-19T21:06:30+00:00 ERR (3): Warning: simplexml_load_string(): <?xml versio="1.0"?>  in /usr/local/zend/apache2/htdocs/qubaj/lib/Varien/Simplexml/Config.php on line 510
2013-12-19T21:06:30+00:00 ERR (3): Warning: simplexml_load_string():       ^  in /usr/local/zend/apache2/htdocs/qubaj/lib/Varien/Simplexml/Config.php on line 510
2013-12-19T21:06:30+00:00 ERR (3): Warning: simplexml_load_string(): Entity: line 1: parser error : Blank needed here  in /usr/local/zend/apache2/htdocs/qubaj/lib/Varien/Simplexml/Config.php on line 510
2013-12-19T21:06:30+00:00 ERR (3): Warning: simplexml_load_string(): <?xml versio="1.0"?>  in /usr/local/zend/apache2/htdocs/qubaj/lib/Varien/Simplexml/Config.php on line 510
2013-12-19T21:06:30+00:00 ERR (3): Warning: simplexml_load_string():       ^  in /usr/local/zend/apache2/htdocs/qubaj/lib/Varien/Simplexml/Config.php on line 510
2013-12-19T21:06:30+00:00 ERR (3): Warning: simplexml_load_string(): Entity: line 1: parser error : parsing XML declaration: '?>' expected  in /usr/local/zend/apache2/htdocs/qubaj/lib/Varien/Simplexml/Config.php on line 510
2013-12-19T21:06:30+00:00 ERR (3): Warning: simplexml_load_string(): <?xml versio="1.0"?>  in /usr/local/zend/apache2/htdocs/qubaj/lib/Varien/Simplexml/Config.php on line 510
2013-12-19T21:06:30+00:00 ERR (3): Warning: simplexml_load_string():       ^  in /usr/local/zend/apache2/htdocs/qubaj/lib/Varien/Simplexml/Config.php on line 510
2013-12-19T21:06:35+00:00 ERR (3): Warning: simplexml_load_string(): Entity: line 1: parser error : Malformed declaration expecting version  in /usr/local/zend/apache2/htdocs/qubaj/lib/Varien/Simplexml/Config.php on line 510
2013-12-19T21:06:35+00:00 ERR (3): Warning: simplexml_load_string(): <?xml versio="1.0"?>  in /usr/local/zend/apache2/htdocs/qubaj/lib/Varien/Simplexml/Config.php on line 510
2013-12-19T21:06:35+00:00 ERR (3): Warning: simplexml_load_string():       ^  in /usr/local/zend/apache2/htdocs/qubaj/lib/Varien/Simplexml/Config.php on line 510
2013-12-19T21:06:35+00:00 ERR (3): Warning: simplexml_load_string(): Entity: line 1: parser error : Blank needed here  in /usr/local/zend/apache2/htdocs/qubaj/lib/Varien/Simplexml/Config.php on line 510
2013-12-19T21:06:35+00:00 ERR (3): Warning: simplexml_load_string(): <?xml versio="1.0"?>  in /usr/local/zend/apache2/htdocs/qubaj/lib/Varien/Simplexml/Config.php on line 510
2013-12-19T21:06:35+00:00 ERR (3): Warning: simplexml_load_string():       ^  in /usr/local/zend/apache2/htdocs/qubaj/lib/Varien/Simplexml/Config.php on line 510
2013-12-19T21:06:35+00:00 ERR (3): Warning: simplexml_load_string(): Entity: line 1: parser error : parsing XML declaration: '?>' expected  in /usr/local/zend/apache2/htdocs/qubaj/lib/Varien/Simplexml/Config.php on line 510
2013-12-19T21:06:35+00:00 ERR (3): Warning: simplexml_load_string(): <?xml versio="1.0"?>  in /usr/local/zend/apache2/htdocs/qubaj/lib/Varien/Simplexml/Config.php on line 510
2013-12-19T21:06:35+00:00 ERR (3): Warning: simplexml_load_string():       ^  in /usr/local/zend/apache2/htdocs/qubaj/lib/Varien/Simplexml/Config.php on line 510
2013-12-19T21:06:39+00:00 ERR (3): Warning: simplexml_load_string(): Entity: line 1: parser error : Malformed declaration expecting version  in /usr/local/zend/apache2/htdocs/qubaj/lib/Varien/Simplexml/Config.php on line 510
2013-12-19T21:06:39+00:00 ERR (3): Warning: simplexml_load_string(): <?xml versio="1.0"?>  in /usr/local/zend/apache2/htdocs/qubaj/lib/Varien/Simplexml/Config.php on line 510
2013-12-19T21:06:39+00:00 ERR (3): Warning: simplexml_load_string():       ^  in /usr/local/zend/apache2/htdocs/qubaj/lib/Varien/Simplexml/Config.php on line 510
2013-12-19T21:06:39+00:00 ERR (3): Warning: simplexml_load_string(): Entity: line 1: parser error : Blank needed here  in /usr/local/zend/apache2/htdocs/qubaj/lib/Varien/Simplexml/Config.php on line 510
2013-12-19T21:06:39+00:00 ERR (3): Warning: simplexml_load_string(): <?xml versio="1.0"?>  in /usr/local/zend/apache2/htdocs/qubaj/lib/Varien/Simplexml/Config.php on line 510
2013-12-19T21:06:39+00:00 ERR (3): Warning: simplexml_load_string():       ^  in /usr/local/zend/apache2/htdocs/qubaj/lib/Varien/Simplexml/Config.php on line 510
2013-12-19T21:06:39+00:00 ERR (3): Warning: simplexml_load_string(): Entity: line 1: parser error : parsing XML declaration: '?>' expected  in /usr/local/zend/apache2/htdocs/qubaj/lib/Varien/Simplexml/Config.php on line 510
2013-12-19T21:06:39+00:00 ERR (3): Warning: simplexml_load_string(): <?xml versio="1.0"?>  in /usr/local/zend/apache2/htdocs/qubaj/lib/Varien/Simplexml/Config.php on line 510
2013-12-19T21:06:39+00:00 ERR (3): Warning: simplexml_load_string():       ^  in /usr/local/zend/apache2/htdocs/qubaj/lib/Varien/Simplexml/Config.php on line 510
2013-12-19T21:06:43+00:00 ERR (3): Warning: simplexml_load_string(): Entity: line 1: parser error : Malformed declaration expecting version  in /usr/local/zend/apache2/htdocs/qubaj/lib/Varien/Simplexml/Config.php on line 510
2013-12-19T21:06:43+00:00 ERR (3): Warning: simplexml_load_string(): <?xml versio="1.0"?>  in /usr/local/zend/apache2/htdocs/qubaj/lib/Varien/Simplexml/Config.php on line 510
2013-12-19T21:06:43+00:00 ERR (3): Warning: simplexml_load_string():       ^  in /usr/local/zend/apache2/htdocs/qubaj/lib/Varien/Simplexml/Config.php on line 510
2013-12-19T21:06:43+00:00 ERR (3): Warning: simplexml_load_string(): Entity: line 1: parser error : Blank needed here  in /usr/local/zend/apache2/htdocs/qubaj/lib/Varien/Simplexml/Config.php on line 510
2013-12-19T21:06:43+00:00 ERR (3): Warning: simplexml_load_string(): <?xml versio="1.0"?>  in /usr/local/zend/apache2/htdocs/qubaj/lib/Varien/Simplexml/Config.php on line 510
2013-12-19T21:06:43+00:00 ERR (3): Warning: simplexml_load_string():       ^  in /usr/local/zend/apache2/htdocs/qubaj/lib/Varien/Simplexml/Config.php on line 510
2013-12-19T21:06:43+00:00 ERR (3): Warning: simplexml_load_string(): Entity: line 1: parser error : parsing XML declaration: '?>' expected  in /usr/local/zend/apache2/htdocs/qubaj/lib/Varien/Simplexml/Config.php on line 510
2013-12-19T21:06:43+00:00 ERR (3): Warning: simplexml_load_string(): <?xml versio="1.0"?>  in /usr/local/zend/apache2/htdocs/qubaj/lib/Varien/Simplexml/Config.php on line 510
2013-12-19T21:06:43+00:00 ERR (3): Warning: simplexml_load_string():       ^  in /usr/local/zend/apache2/htdocs/qubaj/lib/Varien/Simplexml/Config.php on line 510
2013-12-19T21:06:56+00:00 ERR (3): Warning: simplexml_load_string(): Entity: line 1: parser error : Malformed declaration expecting version  in /usr/local/zend/apache2/htdocs/qubaj/lib/Varien/Simplexml/Config.php on line 510
2013-12-19T21:06:56+00:00 ERR (3): Warning: simplexml_load_string(): <?xml versio="1.0"?>  in /usr/local/zend/apache2/htdocs/qubaj/lib/Varien/Simplexml/Config.php on line 510
2013-12-19T21:06:56+00:00 ERR (3): Warning: simplexml_load_string():       ^  in /usr/local/zend/apache2/htdocs/qubaj/lib/Varien/Simplexml/Config.php on line 510
2013-12-19T21:06:56+00:00 ERR (3): Warning: simplexml_load_string(): Entity: line 1: parser error : Blank needed here  in /usr/local/zend/apache2/htdocs/qubaj/lib/Varien/Simplexml/Config.php on line 510
2013-12-19T21:06:56+00:00 ERR (3): Warning: simplexml_load_string(): <?xml versio="1.0"?>  in /usr/local/zend/apache2/htdocs/qubaj/lib/Varien/Simplexml/Config.php on line 510
2013-12-19T21:06:56+00:00 ERR (3): Warning: simplexml_load_string():       ^  in /usr/local/zend/apache2/htdocs/qubaj/lib/Varien/Simplexml/Config.php on line 510
2013-12-19T21:06:56+00:00 ERR (3): Warning: simplexml_load_string(): Entity: line 1: parser error : parsing XML declaration: '?>' expected  in /usr/local/zend/apache2/htdocs/qubaj/lib/Varien/Simplexml/Config.php on line 510
2013-12-19T21:06:56+00:00 ERR (3): Warning: simplexml_load_string(): <?xml versio="1.0"?>  in /usr/local/zend/apache2/htdocs/qubaj/lib/Varien/Simplexml/Config.php on line 510
2013-12-19T21:06:56+00:00 ERR (3): Warning: simplexml_load_string():       ^  in /usr/local/zend/apache2/htdocs/qubaj/lib/Varien/Simplexml/Config.php on line 510
2013-12-19T21:06:59+00:00 ERR (3): Warning: simplexml_load_string(): Entity: line 1: parser error : Malformed declaration expecting version  in /usr/local/zend/apache2/htdocs/qubaj/lib/Varien/Simplexml/Config.php on line 510
2013-12-19T21:06:59+00:00 ERR (3): Warning: simplexml_load_string(): <?xml versio="1.0"?>  in /usr/local/zend/apache2/htdocs/qubaj/lib/Varien/Simplexml/Config.php on line 510
2013-12-19T21:06:59+00:00 ERR (3): Warning: simplexml_load_string():       ^  in /usr/local/zend/apache2/htdocs/qubaj/lib/Varien/Simplexml/Config.php on line 510
2013-12-19T21:06:59+00:00 ERR (3): Warning: simplexml_load_string(): Entity: line 1: parser error : Blank needed here  in /usr/local/zend/apache2/htdocs/qubaj/lib/Varien/Simplexml/Config.php on line 510
2013-12-19T21:06:59+00:00 ERR (3): Warning: simplexml_load_string(): <?xml versio="1.0"?>  in /usr/local/zend/apache2/htdocs/qubaj/lib/Varien/Simplexml/Config.php on line 510
2013-12-19T21:06:59+00:00 ERR (3): Warning: simplexml_load_string():       ^  in /usr/local/zend/apache2/htdocs/qubaj/lib/Varien/Simplexml/Config.php on line 510
2013-12-19T21:06:59+00:00 ERR (3): Warning: simplexml_load_string(): Entity: line 1: parser error : parsing XML declaration: '?>' expected  in /usr/local/zend/apache2/htdocs/qubaj/lib/Varien/Simplexml/Config.php on line 510
2013-12-19T21:06:59+00:00 ERR (3): Warning: simplexml_load_string(): <?xml versio="1.0"?>  in /usr/local/zend/apache2/htdocs/qubaj/lib/Varien/Simplexml/Config.php on line 510
2013-12-19T21:06:59+00:00 ERR (3): Warning: simplexml_load_string():       ^  in /usr/local/zend/apache2/htdocs/qubaj/lib/Varien/Simplexml/Config.php on line 510
2013-12-19T21:11:28+00:00 ERR (3): Warning: simplexml_load_string(): Entity: line 1: parser error : Malformed declaration expecting version  in /usr/local/zend/apache2/htdocs/qubaj/lib/Varien/Simplexml/Config.php on line 510
2013-12-19T21:11:28+00:00 ERR (3): Warning: simplexml_load_string(): <?xml versio="1.0"?>  in /usr/local/zend/apache2/htdocs/qubaj/lib/Varien/Simplexml/Config.php on line 510
2013-12-19T21:11:28+00:00 ERR (3): Warning: simplexml_load_string():       ^  in /usr/local/zend/apache2/htdocs/qubaj/lib/Varien/Simplexml/Config.php on line 510
2013-12-19T21:11:28+00:00 ERR (3): Warning: simplexml_load_string(): Entity: line 1: parser error : Blank needed here  in /usr/local/zend/apache2/htdocs/qubaj/lib/Varien/Simplexml/Config.php on line 510
2013-12-19T21:11:28+00:00 ERR (3): Warning: simplexml_load_string(): <?xml versio="1.0"?>  in /usr/local/zend/apache2/htdocs/qubaj/lib/Varien/Simplexml/Config.php on line 510
2013-12-19T21:11:28+00:00 ERR (3): Warning: simplexml_load_string():       ^  in /usr/local/zend/apache2/htdocs/qubaj/lib/Varien/Simplexml/Config.php on line 510
2013-12-19T21:11:28+00:00 ERR (3): Warning: simplexml_load_string(): Entity: line 1: parser error : parsing XML declaration: '?>' expected  in /usr/local/zend/apache2/htdocs/qubaj/lib/Varien/Simplexml/Config.php on line 510
2013-12-19T21:11:28+00:00 ERR (3): Warning: simplexml_load_string(): <?xml versio="1.0"?>  in /usr/local/zend/apache2/htdocs/qubaj/lib/Varien/Simplexml/Config.php on line 510
2013-12-19T21:11:28+00:00 ERR (3): Warning: simplexml_load_string():       ^  in /usr/local/zend/apache2/htdocs/qubaj/lib/Varien/Simplexml/Config.php on line 510
2013-12-19T21:11:33+00:00 ERR (3): Warning: simplexml_load_string(): Entity: line 1: parser error : Malformed declaration expecting version  in /usr/local/zend/apache2/htdocs/qubaj/lib/Varien/Simplexml/Config.php on line 510
2013-12-19T21:11:33+00:00 ERR (3): Warning: simplexml_load_string(): <?xml versio="1.0"?>  in /usr/local/zend/apache2/htdocs/qubaj/lib/Varien/Simplexml/Config.php on line 510
2013-12-19T21:11:33+00:00 ERR (3): Warning: simplexml_load_string():       ^  in /usr/local/zend/apache2/htdocs/qubaj/lib/Varien/Simplexml/Config.php on line 510
2013-12-19T21:11:33+00:00 ERR (3): Warning: simplexml_load_string(): Entity: line 1: parser error : Blank needed here  in /usr/local/zend/apache2/htdocs/qubaj/lib/Varien/Simplexml/Config.php on line 510
2013-12-19T21:11:33+00:00 ERR (3): Warning: simplexml_load_string(): <?xml versio="1.0"?>  in /usr/local/zend/apache2/htdocs/qubaj/lib/Varien/Simplexml/Config.php on line 510
2013-12-19T21:11:33+00:00 ERR (3): Warning: simplexml_load_string():       ^  in /usr/local/zend/apache2/htdocs/qubaj/lib/Varien/Simplexml/Config.php on line 510
2013-12-19T21:11:33+00:00 ERR (3): Warning: simplexml_load_string(): Entity: line 1: parser error : parsing XML declaration: '?>' expected  in /usr/local/zend/apache2/htdocs/qubaj/lib/Varien/Simplexml/Config.php on line 510
2013-12-19T21:11:33+00:00 ERR (3): Warning: simplexml_load_string(): <?xml versio="1.0"?>  in /usr/local/zend/apache2/htdocs/qubaj/lib/Varien/Simplexml/Config.php on line 510
2013-12-19T21:11:33+00:00 ERR (3): Warning: simplexml_load_string():       ^  in /usr/local/zend/apache2/htdocs/qubaj/lib/Varien/Simplexml/Config.php on line 510
2013-12-19T21:11:36+00:00 ERR (3): Warning: simplexml_load_string(): Entity: line 1: parser error : Malformed declaration expecting version  in /usr/local/zend/apache2/htdocs/qubaj/lib/Varien/Simplexml/Config.php on line 510
2013-12-19T21:11:36+00:00 ERR (3): Warning: simplexml_load_string(): <?xml versio="1.0"?>  in /usr/local/zend/apache2/htdocs/qubaj/lib/Varien/Simplexml/Config.php on line 510
2013-12-19T21:11:36+00:00 ERR (3): Warning: simplexml_load_string():       ^  in /usr/local/zend/apache2/htdocs/qubaj/lib/Varien/Simplexml/Config.php on line 510
2013-12-19T21:11:36+00:00 ERR (3): Warning: simplexml_load_string(): Entity: line 1: parser error : Blank needed here  in /usr/local/zend/apache2/htdocs/qubaj/lib/Varien/Simplexml/Config.php on line 510
2013-12-19T21:11:36+00:00 ERR (3): Warning: simplexml_load_string(): <?xml versio="1.0"?>  in /usr/local/zend/apache2/htdocs/qubaj/lib/Varien/Simplexml/Config.php on line 510
2013-12-19T21:11:36+00:00 ERR (3): Warning: simplexml_load_string():       ^  in /usr/local/zend/apache2/htdocs/qubaj/lib/Varien/Simplexml/Config.php on line 510
2013-12-19T21:11:36+00:00 ERR (3): Warning: simplexml_load_string(): Entity: line 1: parser error : parsing XML declaration: '?>' expected  in /usr/local/zend/apache2/htdocs/qubaj/lib/Varien/Simplexml/Config.php on line 510
2013-12-19T21:11:36+00:00 ERR (3): Warning: simplexml_load_string(): <?xml versio="1.0"?>  in /usr/local/zend/apache2/htdocs/qubaj/lib/Varien/Simplexml/Config.php on line 510
2013-12-19T21:11:36+00:00 ERR (3): Warning: simplexml_load_string():       ^  in /usr/local/zend/apache2/htdocs/qubaj/lib/Varien/Simplexml/Config.php on line 510
2013-12-19T21:11:37+00:00 ERR (3): Warning: simplexml_load_string(): Entity: line 1: parser error : Malformed declaration expecting version  in /usr/local/zend/apache2/htdocs/qubaj/lib/Varien/Simplexml/Config.php on line 510
2013-12-19T21:11:37+00:00 ERR (3): Warning: simplexml_load_string(): <?xml versio="1.0"?>  in /usr/local/zend/apache2/htdocs/qubaj/lib/Varien/Simplexml/Config.php on line 510
2013-12-19T21:11:37+00:00 ERR (3): Warning: simplexml_load_string():       ^  in /usr/local/zend/apache2/htdocs/qubaj/lib/Varien/Simplexml/Config.php on line 510
2013-12-19T21:11:37+00:00 ERR (3): Warning: simplexml_load_string(): Entity: line 1: parser error : Blank needed here  in /usr/local/zend/apache2/htdocs/qubaj/lib/Varien/Simplexml/Config.php on line 510
2013-12-19T21:11:37+00:00 ERR (3): Warning: simplexml_load_string(): <?xml versio="1.0"?>  in /usr/local/zend/apache2/htdocs/qubaj/lib/Varien/Simplexml/Config.php on line 510
2013-12-19T21:11:37+00:00 ERR (3): Warning: simplexml_load_string():       ^  in /usr/local/zend/apache2/htdocs/qubaj/lib/Varien/Simplexml/Config.php on line 510
2013-12-19T21:11:37+00:00 ERR (3): Warning: simplexml_load_string(): Entity: line 1: parser error : parsing XML declaration: '?>' expected  in /usr/local/zend/apache2/htdocs/qubaj/lib/Varien/Simplexml/Config.php on line 510
2013-12-19T21:11:37+00:00 ERR (3): Warning: simplexml_load_string(): <?xml versio="1.0"?>  in /usr/local/zend/apache2/htdocs/qubaj/lib/Varien/Simplexml/Config.php on line 510
2013-12-19T21:11:37+00:00 ERR (3): Warning: simplexml_load_string():       ^  in /usr/local/zend/apache2/htdocs/qubaj/lib/Varien/Simplexml/Config.php on line 510
2013-12-19T21:12:06+00:00 ERR (3): Warning: simplexml_load_string(): Entity: line 1: parser error : Malformed declaration expecting version  in /usr/local/zend/apache2/htdocs/qubaj/lib/Varien/Simplexml/Config.php on line 510
2013-12-19T21:12:06+00:00 ERR (3): Warning: simplexml_load_string(): <?xml versio="1.0"?>  in /usr/local/zend/apache2/htdocs/qubaj/lib/Varien/Simplexml/Config.php on line 510
2013-12-19T21:12:06+00:00 ERR (3): Warning: simplexml_load_string():       ^  in /usr/local/zend/apache2/htdocs/qubaj/lib/Varien/Simplexml/Config.php on line 510
2013-12-19T21:12:06+00:00 ERR (3): Warning: simplexml_load_string(): Entity: line 1: parser error : Blank needed here  in /usr/local/zend/apache2/htdocs/qubaj/lib/Varien/Simplexml/Config.php on line 510
2013-12-19T21:12:06+00:00 ERR (3): Warning: simplexml_load_string(): <?xml versio="1.0"?>  in /usr/local/zend/apache2/htdocs/qubaj/lib/Varien/Simplexml/Config.php on line 510
2013-12-19T21:12:06+00:00 ERR (3): Warning: simplexml_load_string():       ^  in /usr/local/zend/apache2/htdocs/qubaj/lib/Varien/Simplexml/Config.php on line 510
2013-12-19T21:12:06+00:00 ERR (3): Warning: simplexml_load_string(): Entity: line 1: parser error : parsing XML declaration: '?>' expected  in /usr/local/zend/apache2/htdocs/qubaj/lib/Varien/Simplexml/Config.php on line 510
2013-12-19T21:12:06+00:00 ERR (3): Warning: simplexml_load_string(): <?xml versio="1.0"?>  in /usr/local/zend/apache2/htdocs/qubaj/lib/Varien/Simplexml/Config.php on line 510
2013-12-19T21:12:06+00:00 ERR (3): Warning: simplexml_load_string():       ^  in /usr/local/zend/apache2/htdocs/qubaj/lib/Varien/Simplexml/Config.php on line 510
2013-12-19T21:18:08+00:00 ERR (3): Warning: simplexml_load_string(): Entity: line 1: parser error : Malformed declaration expecting version  in /usr/local/zend/apache2/htdocs/qubaj/lib/Varien/Simplexml/Config.php on line 510
2013-12-19T21:18:08+00:00 ERR (3): Warning: simplexml_load_string(): <?xml versio="1.0"?>  in /usr/local/zend/apache2/htdocs/qubaj/lib/Varien/Simplexml/Config.php on line 510
2013-12-19T21:18:08+00:00 ERR (3): Warning: simplexml_load_string():       ^  in /usr/local/zend/apache2/htdocs/qubaj/lib/Varien/Simplexml/Config.php on line 510
2013-12-19T21:18:08+00:00 ERR (3): Warning: simplexml_load_string(): Entity: line 1: parser error : Blank needed here  in /usr/local/zend/apache2/htdocs/qubaj/lib/Varien/Simplexml/Config.php on line 510
2013-12-19T21:18:08+00:00 ERR (3): Warning: simplexml_load_string(): <?xml versio="1.0"?>  in /usr/local/zend/apache2/htdocs/qubaj/lib/Varien/Simplexml/Config.php on line 510
2013-12-19T21:18:08+00:00 ERR (3): Warning: simplexml_load_string():       ^  in /usr/local/zend/apache2/htdocs/qubaj/lib/Varien/Simplexml/Config.php on line 510
2013-12-19T21:18:08+00:00 ERR (3): Warning: simplexml_load_string(): Entity: line 1: parser error : parsing XML declaration: '?>' expected  in /usr/local/zend/apache2/htdocs/qubaj/lib/Varien/Simplexml/Config.php on line 510
2013-12-19T21:18:08+00:00 ERR (3): Warning: simplexml_load_string(): <?xml versio="1.0"?>  in /usr/local/zend/apache2/htdocs/qubaj/lib/Varien/Simplexml/Config.php on line 510
2013-12-19T21:18:08+00:00 ERR (3): Warning: simplexml_load_string():       ^  in /usr/local/zend/apache2/htdocs/qubaj/lib/Varien/Simplexml/Config.php on line 510
